[2022-11-30T12:43:06.908] [ERROR] prod - Error: listen EADDRINUSE: address already in use :::8080
    at Server.setupListenHandle [as _listen2] (node:net:1485:16)
    at listenInCluster (node:net:1533:12)
    at Server.listen (node:net:1621:7)
    at Object.<anonymous> (E:\Proyectos\Programación\CoderHouse\Curso BackEnd\Practicas\Entregables\Entrega-14 (Loggers y GZIP)\index.js:76:38)
    at Module._compile (node:internal/modules/cjs/loader:1159:14)
    at Module._extensions..js (node:internal/modules/cjs/loader:1213:10)
    at Module.load (node:internal/modules/cjs/loader:1037:32)
    at Module._load (node:internal/modules/cjs/loader:878:12)
    at Function.executeUserEntryPoint [as runMain] (node:internal/modules/run_main:81:12)
    at node:internal/main/run_main_module:23:47 {
  code: 'EADDRINUSE',
  errno: -4091,
  syscall: 'listen',
  address: '::',
  port: 8080
}
[2022-11-30T12:49:23.820] [ERROR] prod - Error: listen EADDRINUSE: address already in use :::8080
    at Server.setupListenHandle [as _listen2] (node:net:1485:16)
    at listenInCluster (node:net:1533:12)
    at Server.listen (node:net:1621:7)
    at Object.<anonymous> (E:\Proyectos\Programación\CoderHouse\Curso BackEnd\Practicas\Entregables\Entrega-14 (Loggers y GZIP)\index.js:76:38)
    at Module._compile (node:internal/modules/cjs/loader:1159:14)
    at Module._extensions..js (node:internal/modules/cjs/loader:1213:10)
    at Module.load (node:internal/modules/cjs/loader:1037:32)
    at Module._load (node:internal/modules/cjs/loader:878:12)
    at Function.executeUserEntryPoint [as runMain] (node:internal/modules/run_main:81:12)
    at node:internal/main/run_main_module:23:47 {
  code: 'EADDRINUSE',
  errno: -4091,
  syscall: 'listen',
  address: '::',
  port: 8080
}
